<?xml version="1.0" encoding="UTF-8"?>
<!-- Generated by org.testng.reporters.JUnitXMLReporter -->
<testsuite ignored="0" hostname="DESKTOP-U9KQ8EL" failures="0" tests="3" name="FirefoxTest" time="58.722" errors="0" timestamp="2022-04-24T00:12:44 IST">
  <testcase classname="testCases.CheckboxClick" name="checkboxValidation" time="4.442"/>
  <testcase classname="testCases.JavascriptAlertValidation" name="jsAlertValidation" time="4.145"/>
  <testcase classname="testCases.PageTitleValidation" name="pageTitleValidation" time="1.832"/>
</testsuite> <!-- FirefoxTest -->
