<?xml version="1.0" encoding="UTF-8"?>
<!-- Generated by org.testng.reporters.JUnitXMLReporter -->
<testsuite ignored="0" hostname="DESKTOP-U9KQ8EL" failures="0" tests="3" name="FirefoxTest" time="53.205" errors="0" timestamp="2022-04-23T22:58:43 IST">
  <testcase classname="testCases.PageTitleValidation" name="pageTitleValidation" time="1.857"/>
  <testcase classname="testCases.CheckboxClick" name="checkboxValidation" time="4.761"/>
  <testcase classname="testCases.JavascriptAlertValidation" name="jsAlertValidation" time="4.161"/>
</testsuite> <!-- FirefoxTest -->
