<?xml version="1.0" encoding="UTF-8"?>
<!-- Generated by org.testng.reporters.JUnitXMLReporter -->
<testsuite ignored="0" hostname="DESKTOP-U9KQ8EL" failures="2" tests="3" name="InternetExplorerTest" time="29.233" errors="0" timestamp="2022-04-23T22:59:12 IST">
  <testcase classname="testCases.JavascriptAlertValidation" name="jsAlertValidation" time="4.305">
    <failure type="org.openqa.selenium.WebDriverException" message="java.net.ConnectException: Connection refused: connect
Build info: version: &amp;apos;4.1.3&amp;apos;, revision: &amp;apos;7b1ebf28ef&amp;apos;
System info: host: &amp;apos;DESKTOP-U9KQ8EL&amp;apos;, ip: &amp;apos;192.168.0.102&amp;apos;, os.name: &amp;apos;Windows 10&amp;apos;, os.arch: &amp;apos;amd64&amp;apos;, os.version: &amp;apos;10.0&amp;apos;, java.version: &amp;apos;16.0.2&amp;apos;
Driver info: org.openqa.selenium.remote.RemoteWebDriver
Command: [a6556475-d9de-45e0-8221-ebe15a8928d9, clickElement {id=e3e2cd14-0f02-4ff6-a3ad-ce05f564f902}]
Capabilities {acceptInsecureCerts: false, browserName: internet explorer, browserVersion: 11, javascriptEnabled: true, pageLoadStrategy: normal, platform: WINDOWS, platformName: WINDOWS, proxy: Proxy(), se:ieOptions: {browserAttachTimeout: 0, elementScrollBehavior: 0, enablePersistentHover: true, ie.browserCommandLineSwitches: , ie.ensureCleanSession: false, ie.fileUploadDialogTimeout: 3000, ie.forceCreateProcessApi: false, ignoreProtectedModeSettings: false, ignoreZoomSetting: false, initialBrowserUrl: http://localhost:7603/, nativeEvents: true, requireWindowFocus: false}, setWindowRect: true, timeouts: {implicit: 0, pageLoad: 300000, script: 30000}, webdriver.remote.sessionid: a6556475-d9de-45e0-8221-ebe...}
Element: [[RemoteWebDriver: internet explorer on WINDOWS (a6556475-d9de-45e0-8221-ebe15a8928d9)] -&amp;gt; link text: Javascript Alerts]
Session ID: a6556475-d9de-45e0-8221-ebe15a8928d9">
      <![CDATA[org.openqa.selenium.WebDriverException: java.net.ConnectException: Connection refused: connect
Build info: version: '4.1.3', revision: '7b1ebf28ef'
System info: host: 'DESKTOP-U9KQ8EL', ip: '192.168.0.102', os.name: 'Windows 10', os.arch: 'amd64', os.version: '10.0', java.version: '16.0.2'
Driver info: org.openqa.selenium.remote.RemoteWebDriver
Command: [a6556475-d9de-45e0-8221-ebe15a8928d9, clickElement {id=e3e2cd14-0f02-4ff6-a3ad-ce05f564f902}]
Capabilities {acceptInsecureCerts: false, browserName: internet explorer, browserVersion: 11, javascriptEnabled: true, pageLoadStrategy: normal, platform: WINDOWS, platformName: WINDOWS, proxy: Proxy(), se:ieOptions: {browserAttachTimeout: 0, elementScrollBehavior: 0, enablePersistentHover: true, ie.browserCommandLineSwitches: , ie.ensureCleanSession: false, ie.fileUploadDialogTimeout: 3000, ie.forceCreateProcessApi: false, ignoreProtectedModeSettings: false, ignoreZoomSetting: false, initialBrowserUrl: http://localhost:7603/, nativeEvents: true, requireWindowFocus: false}, setWindowRect: true, timeouts: {implicit: 0, pageLoad: 300000, script: 30000}, webdriver.remote.sessionid: a6556475-d9de-45e0-8221-ebe...}
Element: [[RemoteWebDriver: internet explorer on WINDOWS (a6556475-d9de-45e0-8221-ebe15a8928d9)] -> link text: Javascript Alerts]
Session ID: a6556475-d9de-45e0-8221-ebe15a8928d9
at org.openqa.selenium.remote.codec.w3c.W3CHttpResponseCodec.createException(W3CHttpResponseCodec.java:200)
at org.openqa.selenium.remote.codec.w3c.W3CHttpResponseCodec.decode(W3CHttpResponseCodec.java:133)
at org.openqa.selenium.remote.codec.w3c.W3CHttpResponseCodec.decode(W3CHttpResponseCodec.java:53)
at org.openqa.selenium.remote.HttpCommandExecutor.execute(HttpCommandExecutor.java:184)
at org.openqa.selenium.remote.TracedCommandExecutor.execute(TracedCommandExecutor.java:51)
at org.openqa.selenium.remote.RemoteWebDriver.execute(RemoteWebDriver.java:567)
at org.openqa.selenium.remote.RemoteWebElement.execute(RemoteWebElement.java:251)
at org.openqa.selenium.remote.RemoteWebElement.click(RemoteWebElement.java:77)
at org.openqa.selenium.support.pagefactory.internal.LocatingElementHandler.invoke(LocatingElementHandler.java:52)
at jdk.proxy2/jdk.proxy2.$Proxy18.click(Unknown Source)
at pageObjects.Home_Page.clickJavascriptAlertsLink(Home_Page.java:33)
at testCases.JavascriptAlertValidation.jsAlertValidation(JavascriptAlertValidation.java:22)
at java.base/java.util.concurrent.ThreadPoolExecutor.runWorker(ThreadPoolExecutor.java:1130)
at java.base/java.util.concurrent.ThreadPoolExecutor$Worker.run(ThreadPoolExecutor.java:630)
at java.base/java.lang.Thread.run(Thread.java:831)
... Removed 21 stack frames]]>
    </failure>
  </testcase> <!-- jsAlertValidation -->
  <testcase classname="testCases.CheckboxClick" name="checkboxValidation" time="4.132">
    <failure type="org.openqa.selenium.WebDriverException" message="java.net.ConnectException: Connection refused: connect
Build info: version: &amp;apos;4.1.3&amp;apos;, revision: &amp;apos;7b1ebf28ef&amp;apos;
System info: host: &amp;apos;DESKTOP-U9KQ8EL&amp;apos;, ip: &amp;apos;192.168.0.102&amp;apos;, os.name: &amp;apos;Windows 10&amp;apos;, os.arch: &amp;apos;amd64&amp;apos;, os.version: &amp;apos;10.0&amp;apos;, java.version: &amp;apos;16.0.2&amp;apos;
Driver info: org.openqa.selenium.remote.RemoteWebDriver
Command: [a6556475-d9de-45e0-8221-ebe15a8928d9, clickElement {id=6f6824f8-38a5-4b7d-863f-0384ce62c840}]
Capabilities {acceptInsecureCerts: false, browserName: internet explorer, browserVersion: 11, javascriptEnabled: true, pageLoadStrategy: normal, platform: WINDOWS, platformName: WINDOWS, proxy: Proxy(), se:ieOptions: {browserAttachTimeout: 0, elementScrollBehavior: 0, enablePersistentHover: true, ie.browserCommandLineSwitches: , ie.ensureCleanSession: false, ie.fileUploadDialogTimeout: 3000, ie.forceCreateProcessApi: false, ignoreProtectedModeSettings: false, ignoreZoomSetting: false, initialBrowserUrl: http://localhost:7603/, nativeEvents: true, requireWindowFocus: false}, setWindowRect: true, timeouts: {implicit: 0, pageLoad: 300000, script: 30000}, webdriver.remote.sessionid: a6556475-d9de-45e0-8221-ebe...}
Element: [[RemoteWebDriver: internet explorer on WINDOWS (a6556475-d9de-45e0-8221-ebe15a8928d9)] -&amp;gt; xpath: //a[text()=&amp;apos;Checkbox Demo&amp;apos;]]
Session ID: a6556475-d9de-45e0-8221-ebe15a8928d9">
      <![CDATA[org.openqa.selenium.WebDriverException: java.net.ConnectException: Connection refused: connect
Build info: version: '4.1.3', revision: '7b1ebf28ef'
System info: host: 'DESKTOP-U9KQ8EL', ip: '192.168.0.102', os.name: 'Windows 10', os.arch: 'amd64', os.version: '10.0', java.version: '16.0.2'
Driver info: org.openqa.selenium.remote.RemoteWebDriver
Command: [a6556475-d9de-45e0-8221-ebe15a8928d9, clickElement {id=6f6824f8-38a5-4b7d-863f-0384ce62c840}]
Capabilities {acceptInsecureCerts: false, browserName: internet explorer, browserVersion: 11, javascriptEnabled: true, pageLoadStrategy: normal, platform: WINDOWS, platformName: WINDOWS, proxy: Proxy(), se:ieOptions: {browserAttachTimeout: 0, elementScrollBehavior: 0, enablePersistentHover: true, ie.browserCommandLineSwitches: , ie.ensureCleanSession: false, ie.fileUploadDialogTimeout: 3000, ie.forceCreateProcessApi: false, ignoreProtectedModeSettings: false, ignoreZoomSetting: false, initialBrowserUrl: http://localhost:7603/, nativeEvents: true, requireWindowFocus: false}, setWindowRect: true, timeouts: {implicit: 0, pageLoad: 300000, script: 30000}, webdriver.remote.sessionid: a6556475-d9de-45e0-8221-ebe...}
Element: [[RemoteWebDriver: internet explorer on WINDOWS (a6556475-d9de-45e0-8221-ebe15a8928d9)] -> xpath: //a[text()='Checkbox Demo']]
Session ID: a6556475-d9de-45e0-8221-ebe15a8928d9
at org.openqa.selenium.remote.codec.w3c.W3CHttpResponseCodec.createException(W3CHttpResponseCodec.java:200)
at org.openqa.selenium.remote.codec.w3c.W3CHttpResponseCodec.decode(W3CHttpResponseCodec.java:133)
at org.openqa.selenium.remote.codec.w3c.W3CHttpResponseCodec.decode(W3CHttpResponseCodec.java:53)
at org.openqa.selenium.remote.HttpCommandExecutor.execute(HttpCommandExecutor.java:184)
at org.openqa.selenium.remote.TracedCommandExecutor.execute(TracedCommandExecutor.java:51)
at org.openqa.selenium.remote.RemoteWebDriver.execute(RemoteWebDriver.java:567)
at org.openqa.selenium.remote.RemoteWebElement.execute(RemoteWebElement.java:251)
at org.openqa.selenium.remote.RemoteWebElement.click(RemoteWebElement.java:77)
at org.openqa.selenium.support.pagefactory.internal.LocatingElementHandler.invoke(LocatingElementHandler.java:52)
at jdk.proxy2/jdk.proxy2.$Proxy18.click(Unknown Source)
at pageObjects.Home_Page.clickCheckboxDemoLink(Home_Page.java:28)
at testCases.CheckboxClick.checkboxValidation(CheckboxClick.java:27)
at java.base/java.util.concurrent.ThreadPoolExecutor.runWorker(ThreadPoolExecutor.java:1130)
at java.base/java.util.concurrent.ThreadPoolExecutor$Worker.run(ThreadPoolExecutor.java:630)
at java.base/java.lang.Thread.run(Thread.java:831)
... Removed 21 stack frames]]>
    </failure>
  </testcase> <!-- checkboxValidation -->
  <testcase classname="testCases.PageTitleValidation" name="pageTitleValidation" time="2.331"/>
</testsuite> <!-- InternetExplorerTest -->
