<?xml version="1.0" encoding="UTF-8"?>
<!-- Generated by org.testng.reporters.JUnitXMLReporter -->
<testsuite ignored="0" hostname="DESKTOP-U9KQ8EL" failures="0" tests="3" name="InternetExplorerTest" time="31.436" errors="0" timestamp="2022-04-24T00:13:15 IST">
  <testcase classname="testCases.PageTitleValidation" name="pageTitleValidation" time="2.513"/>
  <testcase classname="testCases.CheckboxClick" name="checkboxValidation" time="6.023"/>
  <testcase classname="testCases.JavascriptAlertValidation" name="jsAlertValidation" time="5.404"/>
</testsuite> <!-- InternetExplorerTest -->
