<?xml version="1.0" encoding="UTF-8"?>
<!-- Generated by org.testng.reporters.JUnitXMLReporter -->
<testsuite ignored="0" hostname="DESKTOP-U9KQ8EL" failures="0" tests="3" name="MicrosoftEdgeTest" time="59.314" errors="0" timestamp="2022-04-24T00:11:45 IST">
  <testcase classname="testCases.CheckboxClick" name="checkboxValidation" time="5.538"/>
  <testcase classname="testCases.JavascriptAlertValidation" name="jsAlertValidation" time="6.445"/>
  <testcase classname="testCases.PageTitleValidation" name="pageTitleValidation" time="2.883"/>
</testsuite> <!-- MicrosoftEdgeTest -->
