<?xml version="1.0" encoding="UTF-8"?>
<!-- Generated by org.testng.reporters.JUnitXMLReporter -->
<testsuite ignored="0" hostname="DESKTOP-U9KQ8EL" failures="0" tests="3" name="MicrosoftEdgeTest" time="64.382" errors="0" timestamp="2022-04-23T22:57:50 IST">
  <testcase classname="testCases.PageTitleValidation" name="pageTitleValidation" time="2.428"/>
  <testcase classname="testCases.CheckboxClick" name="checkboxValidation" time="6.116"/>
  <testcase classname="testCases.JavascriptAlertValidation" name="jsAlertValidation" time="5.707"/>
</testsuite> <!-- MicrosoftEdgeTest -->
