<?xml version="1.0" encoding="UTF-8"?>
<!-- Generated by org.testng.reporters.JUnitXMLReporter -->
<testsuite ignored="0" hostname="DESKTOP-U9KQ8EL" failures="0" tests="3" name="FirefoxTest" time="53.724" errors="0" timestamp="2022-04-24T01:31:53 IST">
  <testcase classname="testCases.PageTitleValidation" name="pageTitleValidation" time="1.586"/>
  <testcase classname="testCases.JavascriptAlertValidation" name="jsAlertValidation" time="3.699"/>
  <testcase classname="testCases.CheckboxClick" name="checkboxValidation" time="5.47"/>
</testsuite> <!-- FirefoxTest -->
