<?xml version="1.0" encoding="UTF-8"?>
<!-- Generated by org.testng.reporters.JUnitXMLReporter -->
<testsuite ignored="0" hostname="DESKTOP-U9KQ8EL" failures="0" tests="3" name="InternetExplorerTest" time="27.561" errors="0" timestamp="2022-04-24T01:32:20 IST">
  <testcase classname="testCases.CheckboxClick" name="checkboxValidation" time="7.141"/>
  <testcase classname="testCases.JavascriptAlertValidation" name="jsAlertValidation" time="4.494"/>
  <testcase classname="testCases.PageTitleValidation" name="pageTitleValidation" time="1.826"/>
</testsuite> <!-- InternetExplorerTest -->
