<?xml version="1.0" encoding="UTF-8"?>
<!-- Generated by org.testng.reporters.JUnitXMLReporter -->
<testsuite ignored="0" hostname="DESKTOP-U9KQ8EL" failures="0" tests="3" name="MicrosoftEdgeTest" time="62.609" errors="0" timestamp="2022-04-24T01:30:59 IST">
  <testcase classname="testCases.CheckboxClick" name="checkboxValidation" time="7.026"/>
  <testcase classname="testCases.JavascriptAlertValidation" name="jsAlertValidation" time="4.872"/>
  <testcase classname="testCases.PageTitleValidation" name="pageTitleValidation" time="2.307"/>
</testsuite> <!-- MicrosoftEdgeTest -->
