<?xml version="1.0" encoding="UTF-8"?>
<testng-results ignored="0" total="12" passed="11" failed="1" skipped="0">
  <reporter-output>
  </reporter-output>
  <suite started-at="2022-04-24T01:29:30 IST" name="LambaTestNGTestSuite" finished-at="2022-04-24T01:32:20 IST" duration-ms="170357">
    <groups>
    </groups>
    <test started-at="2022-04-24T01:29:30 IST" name="ChromeTest" finished-at="2022-04-24T01:29:56 IST" duration-ms="26348">
      <class name="testCases.PageTitleValidation">
        <test-method is-config="true" signature="setUp(java.lang.String,java.lang.String,java.lang.String)[pri:0, instance:testCases.PageTitleValidation@be35cd9]" started-at="2022-04-24T01:29:30 IST" name="setUp" finished-at="2022-04-24T01:29:38 IST" duration-ms="8524" status="PASS">
          <params>
            <param index="0">
              <value>
                <![CDATA[Chrome]]>
              </value>
            </param>
            <param index="1">
              <value>
                <![CDATA[88.0]]>
              </value>
            </param>
            <param index="2">
              <value>
                <![CDATA[Windows 10]]>
              </value>
            </param>
          </params>
          <reporter-output>
          </reporter-output>
        </test-method> <!-- setUp -->
        <test-method signature="pageTitleValidation(java.lang.String)[pri:0, instance:testCases.PageTitleValidation@be35cd9]" started-at="2022-04-24T01:29:38 IST" name="pageTitleValidation" description="To perform page title validation" finished-at="2022-04-24T01:29:40 IST" duration-ms="1711" status="PASS">
          <params>
            <param index="0">
              <value>
                <![CDATA[https://www.lambdatest.com/selenium-playground/]]>
              </value>
            </param>
          </params>
          <reporter-output>
          </reporter-output>
        </test-method> <!-- pageTitleValidation -->
        <test-method is-config="true" signature="tearDown()[pri:0, instance:testCases.PageTitleValidation@be35cd9]" started-at="2022-04-24T01:29:40 IST" name="tearDown" finished-at="2022-04-24T01:29:41 IST" duration-ms="701" status="PASS">
          <reporter-output>
          </reporter-output>
        </test-method> <!-- tearDown -->
      </class> <!-- testCases.PageTitleValidation -->
      <class name="testCases.CheckboxClick">
        <test-method is-config="true" signature="setUp(java.lang.String,java.lang.String,java.lang.String)[pri:0, instance:testCases.CheckboxClick@10feca44]" started-at="2022-04-24T01:29:30 IST" name="setUp" finished-at="2022-04-24T01:29:49 IST" duration-ms="19664" status="PASS">
          <params>
            <param index="0">
              <value>
                <![CDATA[Chrome]]>
              </value>
            </param>
            <param index="1">
              <value>
                <![CDATA[88.0]]>
              </value>
            </param>
            <param index="2">
              <value>
                <![CDATA[Windows 10]]>
              </value>
            </param>
          </params>
          <reporter-output>
          </reporter-output>
        </test-method> <!-- setUp -->
        <test-method signature="checkboxValidation(java.lang.String)[pri:0, instance:testCases.CheckboxClick@10feca44]" started-at="2022-04-24T01:29:49 IST" name="checkboxValidation" description="To perform checkbox validation" finished-at="2022-04-24T01:29:56 IST" duration-ms="6262" status="PASS">
          <params>
            <param index="0">
              <value>
                <![CDATA[https://www.lambdatest.com/selenium-playground/]]>
              </value>
            </param>
          </params>
          <reporter-output>
          </reporter-output>
        </test-method> <!-- checkboxValidation -->
        <test-method is-config="true" signature="tearDown()[pri:0, instance:testCases.CheckboxClick@10feca44]" started-at="2022-04-24T01:29:56 IST" name="tearDown" finished-at="2022-04-24T01:29:56 IST" duration-ms="378" status="PASS">
          <reporter-output>
          </reporter-output>
        </test-method> <!-- tearDown -->
      </class> <!-- testCases.CheckboxClick -->
      <class name="testCases.JavascriptAlertValidation">
        <test-method is-config="true" signature="setUp(java.lang.String,java.lang.String,java.lang.String)[pri:0, instance:testCases.JavascriptAlertValidation@3fb1549b]" started-at="2022-04-24T01:29:30 IST" name="setUp" finished-at="2022-04-24T01:29:38 IST" duration-ms="8469" status="PASS">
          <params>
            <param index="0">
              <value>
                <![CDATA[Chrome]]>
              </value>
            </param>
            <param index="1">
              <value>
                <![CDATA[88.0]]>
              </value>
            </param>
            <param index="2">
              <value>
                <![CDATA[Windows 10]]>
              </value>
            </param>
          </params>
          <reporter-output>
          </reporter-output>
        </test-method> <!-- setUp -->
        <test-method signature="jsAlertValidation(java.lang.String)[pri:0, instance:testCases.JavascriptAlertValidation@3fb1549b]" started-at="2022-04-24T01:29:38 IST" name="jsAlertValidation" description="To perform JS Alert validation" finished-at="2022-04-24T01:29:41 IST" duration-ms="2664" status="FAIL">
          <params>
            <param index="0">
              <value>
                <![CDATA[https://www.lambdatest.com/selenium-playground/]]>
              </value>
            </param>
          </params>
          <exception class="org.openqa.selenium.WebDriverException">
            <message>
              <![CDATA[Unable to find the session info for particular sessionId 6935c615db1eca30fac4cbf60bb610ef, maybe session has quit already or timed out.
Build info: version: '4.1.3', revision: '7b1ebf28ef'
System info: host: 'DESKTOP-U9KQ8EL', ip: '192.168.0.102', os.name: 'Windows 10', os.arch: 'amd64', os.version: '10.0', java.version: '16.0.2'
Driver info: org.openqa.selenium.remote.RemoteWebDriver
Command: [6935c615db1eca30fac4cbf60bb610ef, findElement {using=xpath, value=//div[contains(@id,'next')]/section[4]/div/div/div[2]/div[1]/button[text()='Click Me']}]
Capabilities {acceptInsecureCerts: false, browserName: chrome, browserVersion: 88.0.4324.104, chrome: {chromedriverVersion: 87.0.4280.20 (c99e81631faa0..., userDataDir: C:\Users\ltuser\AppData\Loc...}, goog:chromeOptions: {debuggerAddress: localhost:60972}, javascriptEnabled: true, networkConnectionEnabled: false, pageLoadStrategy: normal, platform: WINDOWS, platformName: WINDOWS, proxy: Proxy(), setWindowRect: true, strictFileInteractability: false, timeouts: {implicit: 0, pageLoad: 300000, script: 30000}, unhandledPromptBehavior: dismiss and notify, webauthn:virtualAuthenticators: true, webdriver.remote.sessionid: 6935c615db1eca30fac4cbf60bb...}]]>
            </message>
            <full-stacktrace>
              <![CDATA[org.openqa.selenium.WebDriverException: Unable to find the session info for particular sessionId 6935c615db1eca30fac4cbf60bb610ef, maybe session has quit already or timed out.
Build info: version: '4.1.3', revision: '7b1ebf28ef'
System info: host: 'DESKTOP-U9KQ8EL', ip: '192.168.0.102', os.name: 'Windows 10', os.arch: 'amd64', os.version: '10.0', java.version: '16.0.2'
Driver info: org.openqa.selenium.remote.RemoteWebDriver
Command: [6935c615db1eca30fac4cbf60bb610ef, findElement {using=xpath, value=//div[contains(@id,'next')]/section[4]/div/div/div[2]/div[1]/button[text()='Click Me']}]
Capabilities {acceptInsecureCerts: false, browserName: chrome, browserVersion: 88.0.4324.104, chrome: {chromedriverVersion: 87.0.4280.20 (c99e81631faa0..., userDataDir: C:\Users\ltuser\AppData\Loc...}, goog:chromeOptions: {debuggerAddress: localhost:60972}, javascriptEnabled: true, networkConnectionEnabled: false, pageLoadStrategy: normal, platform: WINDOWS, platformName: WINDOWS, proxy: Proxy(), setWindowRect: true, strictFileInteractability: false, timeouts: {implicit: 0, pageLoad: 300000, script: 30000}, unhandledPromptBehavior: dismiss and notify, webauthn:virtualAuthenticators: true, webdriver.remote.sessionid: 6935c615db1eca30fac4cbf60bb...}
at java.base/jdk.internal.reflect.NativeConstructorAccessorImpl.newInstance0(Native Method)
at java.base/jdk.internal.reflect.NativeConstructorAccessorImpl.newInstance(NativeConstructorAccessorImpl.java:78)
at java.base/jdk.internal.reflect.DelegatingConstructorAccessorImpl.newInstance(DelegatingConstructorAccessorImpl.java:45)
at java.base/java.lang.reflect.Constructor.newInstanceWithCaller(Constructor.java:499)
at java.base/java.lang.reflect.Constructor.newInstance(Constructor.java:480)
at org.openqa.selenium.remote.codec.w3c.W3CHttpResponseCodec.createException(W3CHttpResponseCodec.java:200)
at org.openqa.selenium.remote.codec.w3c.W3CHttpResponseCodec.decode(W3CHttpResponseCodec.java:133)
at org.openqa.selenium.remote.codec.w3c.W3CHttpResponseCodec.decode(W3CHttpResponseCodec.java:53)
at org.openqa.selenium.remote.HttpCommandExecutor.execute(HttpCommandExecutor.java:184)
at org.openqa.selenium.remote.TracedCommandExecutor.execute(TracedCommandExecutor.java:51)
at org.openqa.selenium.remote.RemoteWebDriver.execute(RemoteWebDriver.java:567)
at org.openqa.selenium.remote.ElementLocation$ElementFinder$2.findElement(ElementLocation.java:162)
at org.openqa.selenium.remote.ElementLocation.findElement(ElementLocation.java:60)
at org.openqa.selenium.remote.RemoteWebDriver.findElement(RemoteWebDriver.java:385)
at org.openqa.selenium.remote.RemoteWebDriver.findElement(RemoteWebDriver.java:377)
at org.openqa.selenium.support.pagefactory.DefaultElementLocator.findElement(DefaultElementLocator.java:70)
at org.openqa.selenium.support.pagefactory.internal.LocatingElementHandler.invoke(LocatingElementHandler.java:39)
at jdk.proxy2/jdk.proxy2.$Proxy14.click(Unknown Source)
at pageObjects.JavascriptAlertBoxDemo_Page.clickMe(JavascriptAlertBoxDemo_Page.java:24)
at testCases.JavascriptAlertValidation.jsAlertValidation(JavascriptAlertValidation.java:19)
at java.base/jdk.internal.reflect.NativeMethodAccessorImpl.invoke0(Native Method)
at java.base/jdk.internal.reflect.NativeMethodAccessorImpl.invoke(NativeMethodAccessorImpl.java:78)
at java.base/jdk.internal.reflect.DelegatingMethodAccessorImpl.invoke(DelegatingMethodAccessorImpl.java:43)
at java.base/java.lang.reflect.Method.invoke(Method.java:567)
at org.testng.internal.invokers.MethodInvocationHelper.invokeMethod(MethodInvocationHelper.java:135)
at org.testng.internal.invokers.TestInvoker.invokeMethod(TestInvoker.java:673)
at org.testng.internal.invokers.TestInvoker.invokeTestMethod(TestInvoker.java:220)
at org.testng.internal.invokers.MethodRunner.runInSequence(MethodRunner.java:50)
at org.testng.internal.invokers.TestInvoker$MethodInvocationAgent.invoke(TestInvoker.java:945)
at org.testng.internal.invokers.TestInvoker.invokeTestMethods(TestInvoker.java:193)
at org.testng.internal.invokers.TestMethodWorker.invokeTestMethods(TestMethodWorker.java:146)
at org.testng.internal.invokers.TestMethodWorker.run(TestMethodWorker.java:128)
at java.base/java.util.concurrent.ThreadPoolExecutor.runWorker(ThreadPoolExecutor.java:1130)
at java.base/java.util.concurrent.ThreadPoolExecutor$Worker.run(ThreadPoolExecutor.java:630)
at java.base/java.lang.Thread.run(Thread.java:831)
]]>
            </full-stacktrace>
          </exception> <!-- org.openqa.selenium.WebDriverException -->
          <reporter-output>
          </reporter-output>
        </test-method> <!-- jsAlertValidation -->
        <test-method is-config="true" signature="tearDown()[pri:0, instance:testCases.JavascriptAlertValidation@3fb1549b]" started-at="2022-04-24T01:29:41 IST" name="tearDown" finished-at="2022-04-24T01:29:41 IST" duration-ms="0" status="PASS">
          <reporter-output>
          </reporter-output>
        </test-method> <!-- tearDown -->
      </class> <!-- testCases.JavascriptAlertValidation -->
    </test> <!-- ChromeTest -->
    <test started-at="2022-04-24T01:29:56 IST" name="MicrosoftEdgeTest" finished-at="2022-04-24T01:30:59 IST" duration-ms="62609">
      <class name="testCases.PageTitleValidation">
        <test-method is-config="true" signature="setUp(java.lang.String,java.lang.String,java.lang.String)[pri:0, instance:testCases.PageTitleValidation@73e22a3d]" started-at="2022-04-24T01:29:56 IST" name="setUp" finished-at="2022-04-24T01:30:56 IST" duration-ms="59727" status="PASS">
          <params>
            <param index="0">
              <value>
                <![CDATA[MicrosoftEdge]]>
              </value>
            </param>
            <param index="1">
              <value>
                <![CDATA[87.0]]>
              </value>
            </param>
            <param index="2">
              <value>
                <![CDATA[macOS Sierra]]>
              </value>
            </param>
          </params>
          <reporter-output>
          </reporter-output>
        </test-method> <!-- setUp -->
        <test-method signature="pageTitleValidation(java.lang.String)[pri:0, instance:testCases.PageTitleValidation@73e22a3d]" started-at="2022-04-24T01:30:56 IST" name="pageTitleValidation" description="To perform page title validation" finished-at="2022-04-24T01:30:58 IST" duration-ms="2307" status="PASS">
          <params>
            <param index="0">
              <value>
                <![CDATA[https://www.lambdatest.com/selenium-playground/]]>
              </value>
            </param>
          </params>
          <reporter-output>
          </reporter-output>
        </test-method> <!-- pageTitleValidation -->
        <test-method is-config="true" signature="tearDown()[pri:0, instance:testCases.PageTitleValidation@73e22a3d]" started-at="2022-04-24T01:30:58 IST" name="tearDown" finished-at="2022-04-24T01:30:59 IST" duration-ms="572" status="PASS">
          <reporter-output>
          </reporter-output>
        </test-method> <!-- tearDown -->
      </class> <!-- testCases.PageTitleValidation -->
      <class name="testCases.CheckboxClick">
        <test-method is-config="true" signature="setUp(java.lang.String,java.lang.String,java.lang.String)[pri:0, instance:testCases.CheckboxClick@47faa49c]" started-at="2022-04-24T01:29:56 IST" name="setUp" finished-at="2022-04-24T01:30:13 IST" duration-ms="17254" status="PASS">
          <params>
            <param index="0">
              <value>
                <![CDATA[MicrosoftEdge]]>
              </value>
            </param>
            <param index="1">
              <value>
                <![CDATA[87.0]]>
              </value>
            </param>
            <param index="2">
              <value>
                <![CDATA[macOS Sierra]]>
              </value>
            </param>
          </params>
          <reporter-output>
          </reporter-output>
        </test-method> <!-- setUp -->
        <test-method signature="checkboxValidation(java.lang.String)[pri:0, instance:testCases.CheckboxClick@47faa49c]" started-at="2022-04-24T01:30:13 IST" name="checkboxValidation" description="To perform checkbox validation" finished-at="2022-04-24T01:30:20 IST" duration-ms="7026" status="PASS">
          <params>
            <param index="0">
              <value>
                <![CDATA[https://www.lambdatest.com/selenium-playground/]]>
              </value>
            </param>
          </params>
          <reporter-output>
          </reporter-output>
        </test-method> <!-- checkboxValidation -->
        <test-method is-config="true" signature="tearDown()[pri:0, instance:testCases.CheckboxClick@47faa49c]" started-at="2022-04-24T01:30:20 IST" name="tearDown" finished-at="2022-04-24T01:30:21 IST" duration-ms="533" status="PASS">
          <reporter-output>
          </reporter-output>
        </test-method> <!-- tearDown -->
      </class> <!-- testCases.CheckboxClick -->
      <class name="testCases.JavascriptAlertValidation">
        <test-method is-config="true" signature="setUp(java.lang.String,java.lang.String,java.lang.String)[pri:0, instance:testCases.JavascriptAlertValidation@28f2a10f]" started-at="2022-04-24T01:29:56 IST" name="setUp" finished-at="2022-04-24T01:30:34 IST" duration-ms="37807" status="PASS">
          <params>
            <param index="0">
              <value>
                <![CDATA[MicrosoftEdge]]>
              </value>
            </param>
            <param index="1">
              <value>
                <![CDATA[87.0]]>
              </value>
            </param>
            <param index="2">
              <value>
                <![CDATA[macOS Sierra]]>
              </value>
            </param>
          </params>
          <reporter-output>
          </reporter-output>
        </test-method> <!-- setUp -->
        <test-method signature="jsAlertValidation(java.lang.String)[pri:0, instance:testCases.JavascriptAlertValidation@28f2a10f]" started-at="2022-04-24T01:30:34 IST" name="jsAlertValidation" description="To perform JS Alert validation" finished-at="2022-04-24T01:30:39 IST" duration-ms="4872" status="PASS">
          <params>
            <param index="0">
              <value>
                <![CDATA[https://www.lambdatest.com/selenium-playground/]]>
              </value>
            </param>
          </params>
          <reporter-output>
          </reporter-output>
        </test-method> <!-- jsAlertValidation -->
        <test-method is-config="true" signature="tearDown()[pri:0, instance:testCases.JavascriptAlertValidation@28f2a10f]" started-at="2022-04-24T01:30:39 IST" name="tearDown" finished-at="2022-04-24T01:30:39 IST" duration-ms="553" status="PASS">
          <reporter-output>
          </reporter-output>
        </test-method> <!-- tearDown -->
      </class> <!-- testCases.JavascriptAlertValidation -->
    </test> <!-- MicrosoftEdgeTest -->
    <test started-at="2022-04-24T01:30:59 IST" name="FirefoxTest" finished-at="2022-04-24T01:31:53 IST" duration-ms="53724">
      <class name="testCases.PageTitleValidation">
        <test-method is-config="true" signature="setUp(java.lang.String,java.lang.String,java.lang.String)[pri:0, instance:testCases.PageTitleValidation@4229bb3f]" started-at="2022-04-24T01:30:59 IST" name="setUp" finished-at="2022-04-24T01:31:15 IST" duration-ms="16293" status="PASS">
          <params>
            <param index="0">
              <value>
                <![CDATA[Firefox]]>
              </value>
            </param>
            <param index="1">
              <value>
                <![CDATA[82.0]]>
              </value>
            </param>
            <param index="2">
              <value>
                <![CDATA[Windows 7]]>
              </value>
            </param>
          </params>
          <reporter-output>
          </reporter-output>
        </test-method> <!-- setUp -->
        <test-method signature="pageTitleValidation(java.lang.String)[pri:0, instance:testCases.PageTitleValidation@4229bb3f]" started-at="2022-04-24T01:31:15 IST" name="pageTitleValidation" description="To perform page title validation" finished-at="2022-04-24T01:31:17 IST" duration-ms="1586" status="PASS">
          <params>
            <param index="0">
              <value>
                <![CDATA[https://www.lambdatest.com/selenium-playground/]]>
              </value>
            </param>
          </params>
          <reporter-output>
          </reporter-output>
        </test-method> <!-- pageTitleValidation -->
        <test-method is-config="true" signature="tearDown()[pri:0, instance:testCases.PageTitleValidation@4229bb3f]" started-at="2022-04-24T01:31:17 IST" name="tearDown" finished-at="2022-04-24T01:31:18 IST" duration-ms="1053" status="PASS">
          <reporter-output>
          </reporter-output>
        </test-method> <!-- tearDown -->
      </class> <!-- testCases.PageTitleValidation -->
      <class name="testCases.CheckboxClick">
        <test-method is-config="true" signature="setUp(java.lang.String,java.lang.String,java.lang.String)[pri:0, instance:testCases.CheckboxClick@56cdfb3b]" started-at="2022-04-24T01:30:59 IST" name="setUp" finished-at="2022-04-24T01:31:46 IST" duration-ms="47518" status="PASS">
          <params>
            <param index="0">
              <value>
                <![CDATA[Firefox]]>
              </value>
            </param>
            <param index="1">
              <value>
                <![CDATA[82.0]]>
              </value>
            </param>
            <param index="2">
              <value>
                <![CDATA[Windows 7]]>
              </value>
            </param>
          </params>
          <reporter-output>
          </reporter-output>
        </test-method> <!-- setUp -->
        <test-method signature="checkboxValidation(java.lang.String)[pri:0, instance:testCases.CheckboxClick@56cdfb3b]" started-at="2022-04-24T01:31:46 IST" name="checkboxValidation" description="To perform checkbox validation" finished-at="2022-04-24T01:31:52 IST" duration-ms="5470" status="PASS">
          <params>
            <param index="0">
              <value>
                <![CDATA[https://www.lambdatest.com/selenium-playground/]]>
              </value>
            </param>
          </params>
          <reporter-output>
          </reporter-output>
        </test-method> <!-- checkboxValidation -->
        <test-method is-config="true" signature="tearDown()[pri:0, instance:testCases.CheckboxClick@56cdfb3b]" started-at="2022-04-24T01:31:52 IST" name="tearDown" finished-at="2022-04-24T01:31:53 IST" duration-ms="730" status="PASS">
          <reporter-output>
          </reporter-output>
        </test-method> <!-- tearDown -->
      </class> <!-- testCases.CheckboxClick -->
      <class name="testCases.JavascriptAlertValidation">
        <test-method is-config="true" signature="setUp(java.lang.String,java.lang.String,java.lang.String)[pri:0, instance:testCases.JavascriptAlertValidation@2b91004a]" started-at="2022-04-24T01:30:59 IST" name="setUp" finished-at="2022-04-24T01:31:26 IST" duration-ms="27361" status="PASS">
          <params>
            <param index="0">
              <value>
                <![CDATA[Firefox]]>
              </value>
            </param>
            <param index="1">
              <value>
                <![CDATA[82.0]]>
              </value>
            </param>
            <param index="2">
              <value>
                <![CDATA[Windows 7]]>
              </value>
            </param>
          </params>
          <reporter-output>
          </reporter-output>
        </test-method> <!-- setUp -->
        <test-method signature="jsAlertValidation(java.lang.String)[pri:0, instance:testCases.JavascriptAlertValidation@2b91004a]" started-at="2022-04-24T01:31:26 IST" name="jsAlertValidation" description="To perform JS Alert validation" finished-at="2022-04-24T01:31:30 IST" duration-ms="3699" status="PASS">
          <params>
            <param index="0">
              <value>
                <![CDATA[https://www.lambdatest.com/selenium-playground/]]>
              </value>
            </param>
          </params>
          <reporter-output>
          </reporter-output>
        </test-method> <!-- jsAlertValidation -->
        <test-method is-config="true" signature="tearDown()[pri:0, instance:testCases.JavascriptAlertValidation@2b91004a]" started-at="2022-04-24T01:31:30 IST" name="tearDown" finished-at="2022-04-24T01:31:31 IST" duration-ms="751" status="PASS">
          <reporter-output>
          </reporter-output>
        </test-method> <!-- tearDown -->
      </class> <!-- testCases.JavascriptAlertValidation -->
    </test> <!-- FirefoxTest -->
    <test started-at="2022-04-24T01:31:53 IST" name="InternetExplorerTest" finished-at="2022-04-24T01:32:20 IST" duration-ms="27561">
      <class name="testCases.PageTitleValidation">
        <test-method is-config="true" signature="setUp(java.lang.String,java.lang.String,java.lang.String)[pri:0, instance:testCases.PageTitleValidation@35aea049]" started-at="2022-04-24T01:31:53 IST" name="setUp" finished-at="2022-04-24T01:32:18 IST" duration-ms="25422" status="PASS">
          <params>
            <param index="0">
              <value>
                <![CDATA[Internet Explorer]]>
              </value>
            </param>
            <param index="1">
              <value>
                <![CDATA[11.0]]>
              </value>
            </param>
            <param index="2">
              <value>
                <![CDATA[Windows 10]]>
              </value>
            </param>
          </params>
          <reporter-output>
          </reporter-output>
        </test-method> <!-- setUp -->
        <test-method signature="pageTitleValidation(java.lang.String)[pri:0, instance:testCases.PageTitleValidation@35aea049]" started-at="2022-04-24T01:32:18 IST" name="pageTitleValidation" description="To perform page title validation" finished-at="2022-04-24T01:32:20 IST" duration-ms="1826" status="PASS">
          <params>
            <param index="0">
              <value>
                <![CDATA[https://www.lambdatest.com/selenium-playground/]]>
              </value>
            </param>
          </params>
          <reporter-output>
          </reporter-output>
        </test-method> <!-- pageTitleValidation -->
        <test-method is-config="true" signature="tearDown()[pri:0, instance:testCases.PageTitleValidation@35aea049]" started-at="2022-04-24T01:32:20 IST" name="tearDown" finished-at="2022-04-24T01:32:20 IST" duration-ms="311" status="PASS">
          <reporter-output>
          </reporter-output>
        </test-method> <!-- tearDown -->
      </class> <!-- testCases.PageTitleValidation -->
      <class name="testCases.CheckboxClick">
        <test-method is-config="true" signature="setUp(java.lang.String,java.lang.String,java.lang.String)[pri:0, instance:testCases.CheckboxClick@7205765b]" started-at="2022-04-24T01:31:53 IST" name="setUp" finished-at="2022-04-24T01:32:00 IST" duration-ms="7160" status="PASS">
          <params>
            <param index="0">
              <value>
                <![CDATA[Internet Explorer]]>
              </value>
            </param>
            <param index="1">
              <value>
                <![CDATA[11.0]]>
              </value>
            </param>
            <param index="2">
              <value>
                <![CDATA[Windows 10]]>
              </value>
            </param>
          </params>
          <reporter-output>
          </reporter-output>
        </test-method> <!-- setUp -->
        <test-method signature="checkboxValidation(java.lang.String)[pri:0, instance:testCases.CheckboxClick@7205765b]" started-at="2022-04-24T01:32:00 IST" name="checkboxValidation" description="To perform checkbox validation" finished-at="2022-04-24T01:32:07 IST" duration-ms="7141" status="PASS">
          <params>
            <param index="0">
              <value>
                <![CDATA[https://www.lambdatest.com/selenium-playground/]]>
              </value>
            </param>
          </params>
          <reporter-output>
          </reporter-output>
        </test-method> <!-- checkboxValidation -->
        <test-method is-config="true" signature="tearDown()[pri:0, instance:testCases.CheckboxClick@7205765b]" started-at="2022-04-24T01:32:07 IST" name="tearDown" finished-at="2022-04-24T01:32:07 IST" duration-ms="313" status="PASS">
          <reporter-output>
          </reporter-output>
        </test-method> <!-- tearDown -->
      </class> <!-- testCases.CheckboxClick -->
      <class name="testCases.JavascriptAlertValidation">
        <test-method is-config="true" signature="setUp(java.lang.String,java.lang.String,java.lang.String)[pri:0, instance:testCases.JavascriptAlertValidation@47987356]" started-at="2022-04-24T01:31:53 IST" name="setUp" finished-at="2022-04-24T01:32:08 IST" duration-ms="15660" status="PASS">
          <params>
            <param index="0">
              <value>
                <![CDATA[Internet Explorer]]>
              </value>
            </param>
            <param index="1">
              <value>
                <![CDATA[11.0]]>
              </value>
            </param>
            <param index="2">
              <value>
                <![CDATA[Windows 10]]>
              </value>
            </param>
          </params>
          <reporter-output>
          </reporter-output>
        </test-method> <!-- setUp -->
        <test-method signature="jsAlertValidation(java.lang.String)[pri:0, instance:testCases.JavascriptAlertValidation@47987356]" started-at="2022-04-24T01:32:08 IST" name="jsAlertValidation" description="To perform JS Alert validation" finished-at="2022-04-24T01:32:13 IST" duration-ms="4494" status="PASS">
          <params>
            <param index="0">
              <value>
                <![CDATA[https://www.lambdatest.com/selenium-playground/]]>
              </value>
            </param>
          </params>
          <reporter-output>
          </reporter-output>
        </test-method> <!-- jsAlertValidation -->
        <test-method is-config="true" signature="tearDown()[pri:0, instance:testCases.JavascriptAlertValidation@47987356]" started-at="2022-04-24T01:32:13 IST" name="tearDown" finished-at="2022-04-24T01:32:13 IST" duration-ms="359" status="PASS">
          <reporter-output>
          </reporter-output>
        </test-method> <!-- tearDown -->
      </class> <!-- testCases.JavascriptAlertValidation -->
    </test> <!-- InternetExplorerTest -->
  </suite> <!-- LambaTestNGTestSuite -->
</testng-results>
