<?xml version="1.0" encoding="UTF-8"?>
<testng-results ignored="0" total="12" passed="9" failed="3" skipped="0">
  <reporter-output>
  </reporter-output>
  <suite started-at="2022-04-23T22:56:12 IST" name="LambaTestNGTestSuite" finished-at="2022-04-23T22:59:12 IST" duration-ms="180309">
    <groups>
    </groups>
    <test started-at="2022-04-23T22:56:12 IST" name="ChromeTest" finished-at="2022-04-23T22:56:45 IST" duration-ms="33349">
      <class name="testCases.PageTitleValidation">
        <test-method is-config="true" signature="setUp(java.lang.String,java.lang.String,java.lang.String)[pri:0, instance:testCases.PageTitleValidation@4bb33f74]" started-at="2022-04-23T22:56:12 IST" name="setUp" finished-at="2022-04-23T22:56:21 IST" duration-ms="9415" status="PASS">
          <params>
            <param index="0">
              <value>
                <![CDATA[Chrome]]>
              </value>
            </param>
            <param index="1">
              <value>
                <![CDATA[88.0]]>
              </value>
            </param>
            <param index="2">
              <value>
                <![CDATA[Windows 10]]>
              </value>
            </param>
          </params>
          <reporter-output>
          </reporter-output>
        </test-method> <!-- setUp -->
        <test-method signature="pageTitleValidation(java.lang.String)[pri:0, instance:testCases.PageTitleValidation@4bb33f74]" started-at="2022-04-23T22:56:21 IST" name="pageTitleValidation" description="To perform page title validation" finished-at="2022-04-23T22:56:24 IST" duration-ms="2346" status="PASS">
          <params>
            <param index="0">
              <value>
                <![CDATA[https://www.lambdatest.com/selenium-playground/]]>
              </value>
            </param>
          </params>
          <reporter-output>
          </reporter-output>
        </test-method> <!-- pageTitleValidation -->
        <test-method is-config="true" signature="tearDown()[pri:0, instance:testCases.PageTitleValidation@4bb33f74]" started-at="2022-04-23T22:56:24 IST" name="tearDown" finished-at="2022-04-23T22:56:24 IST" duration-ms="755" status="PASS">
          <reporter-output>
          </reporter-output>
        </test-method> <!-- tearDown -->
      </class> <!-- testCases.PageTitleValidation -->
      <class name="testCases.CheckboxClick">
        <test-method is-config="true" signature="setUp(java.lang.String,java.lang.String,java.lang.String)[pri:0, instance:testCases.CheckboxClick@5d7148e2]" started-at="2022-04-23T22:56:12 IST" name="setUp" finished-at="2022-04-23T22:56:22 IST" duration-ms="9970" status="PASS">
          <params>
            <param index="0">
              <value>
                <![CDATA[Chrome]]>
              </value>
            </param>
            <param index="1">
              <value>
                <![CDATA[88.0]]>
              </value>
            </param>
            <param index="2">
              <value>
                <![CDATA[Windows 10]]>
              </value>
            </param>
          </params>
          <reporter-output>
          </reporter-output>
        </test-method> <!-- setUp -->
        <test-method signature="checkboxValidation(java.lang.String)[pri:0, instance:testCases.CheckboxClick@5d7148e2]" started-at="2022-04-23T22:56:22 IST" name="checkboxValidation" description="To perform checkbox validation" finished-at="2022-04-23T22:56:25 IST" duration-ms="2756" status="FAIL">
          <params>
            <param index="0">
              <value>
                <![CDATA[https://www.lambdatest.com/selenium-playground/]]>
              </value>
            </param>
          </params>
          <exception class="org.openqa.selenium.WebDriverException">
            <message>
              <![CDATA[Unable to find the session info for particular sessionId 7cbafcf01591e81ae59d333931856fbd, maybe session has quit already or timed out.
Build info: version: '4.1.3', revision: '7b1ebf28ef'
System info: host: 'DESKTOP-U9KQ8EL', ip: '192.168.0.102', os.name: 'Windows 10', os.arch: 'amd64', os.version: '10.0', java.version: '16.0.2'
Driver info: org.openqa.selenium.remote.RemoteWebDriver
Command: [7cbafcf01591e81ae59d333931856fbd, executeScript {script=return document.readyState, args=[]}]
Capabilities {acceptInsecureCerts: false, browserName: chrome, browserVersion: 88.0.4324.104, chrome: {chromedriverVersion: 87.0.4280.20 (c99e81631faa0..., userDataDir: C:\Users\ltuser\AppData\Loc...}, goog:chromeOptions: {debuggerAddress: localhost:61906}, javascriptEnabled: true, networkConnectionEnabled: false, pageLoadStrategy: normal, platform: WINDOWS, platformName: WINDOWS, proxy: Proxy(), setWindowRect: true, strictFileInteractability: false, timeouts: {implicit: 0, pageLoad: 300000, script: 30000}, unhandledPromptBehavior: dismiss and notify, webauthn:virtualAuthenticators: true, webdriver.remote.sessionid: 7cbafcf01591e81ae59d3339318...}]]>
            </message>
            <full-stacktrace>
              <![CDATA[org.openqa.selenium.WebDriverException: Unable to find the session info for particular sessionId 7cbafcf01591e81ae59d333931856fbd, maybe session has quit already or timed out.
Build info: version: '4.1.3', revision: '7b1ebf28ef'
System info: host: 'DESKTOP-U9KQ8EL', ip: '192.168.0.102', os.name: 'Windows 10', os.arch: 'amd64', os.version: '10.0', java.version: '16.0.2'
Driver info: org.openqa.selenium.remote.RemoteWebDriver
Command: [7cbafcf01591e81ae59d333931856fbd, executeScript {script=return document.readyState, args=[]}]
Capabilities {acceptInsecureCerts: false, browserName: chrome, browserVersion: 88.0.4324.104, chrome: {chromedriverVersion: 87.0.4280.20 (c99e81631faa0..., userDataDir: C:\Users\ltuser\AppData\Loc...}, goog:chromeOptions: {debuggerAddress: localhost:61906}, javascriptEnabled: true, networkConnectionEnabled: false, pageLoadStrategy: normal, platform: WINDOWS, platformName: WINDOWS, proxy: Proxy(), setWindowRect: true, strictFileInteractability: false, timeouts: {implicit: 0, pageLoad: 300000, script: 30000}, unhandledPromptBehavior: dismiss and notify, webauthn:virtualAuthenticators: true, webdriver.remote.sessionid: 7cbafcf01591e81ae59d3339318...}
at java.base/jdk.internal.reflect.NativeConstructorAccessorImpl.newInstance0(Native Method)
at java.base/jdk.internal.reflect.NativeConstructorAccessorImpl.newInstance(NativeConstructorAccessorImpl.java:78)
at java.base/jdk.internal.reflect.DelegatingConstructorAccessorImpl.newInstance(DelegatingConstructorAccessorImpl.java:45)
at java.base/java.lang.reflect.Constructor.newInstanceWithCaller(Constructor.java:499)
at java.base/java.lang.reflect.Constructor.newInstance(Constructor.java:480)
at org.openqa.selenium.remote.codec.w3c.W3CHttpResponseCodec.createException(W3CHttpResponseCodec.java:200)
at org.openqa.selenium.remote.codec.w3c.W3CHttpResponseCodec.decode(W3CHttpResponseCodec.java:133)
at org.openqa.selenium.remote.codec.w3c.W3CHttpResponseCodec.decode(W3CHttpResponseCodec.java:53)
at org.openqa.selenium.remote.HttpCommandExecutor.execute(HttpCommandExecutor.java:184)
at org.openqa.selenium.remote.TracedCommandExecutor.execute(TracedCommandExecutor.java:51)
at org.openqa.selenium.remote.RemoteWebDriver.execute(RemoteWebDriver.java:567)
at org.openqa.selenium.remote.RemoteWebDriver.executeScript(RemoteWebDriver.java:501)
at utils.UIUtils.lambda$0(UIUtils.java:13)
at org.openqa.selenium.support.ui.FluentWait.until(FluentWait.java:208)
at utils.UIUtils.waitTillPageLoad(UIUtils.java:12)
at testCases.CheckboxClick.checkboxValidation(CheckboxClick.java:28)
at java.base/jdk.internal.reflect.NativeMethodAccessorImpl.invoke0(Native Method)
at java.base/jdk.internal.reflect.NativeMethodAccessorImpl.invoke(NativeMethodAccessorImpl.java:78)
at java.base/jdk.internal.reflect.DelegatingMethodAccessorImpl.invoke(DelegatingMethodAccessorImpl.java:43)
at java.base/java.lang.reflect.Method.invoke(Method.java:567)
at org.testng.internal.MethodInvocationHelper.invokeMethod(MethodInvocationHelper.java:133)
at org.testng.internal.TestInvoker.invokeMethod(TestInvoker.java:598)
at org.testng.internal.TestInvoker.invokeTestMethod(TestInvoker.java:173)
at org.testng.internal.MethodRunner.runInSequence(MethodRunner.java:46)
at org.testng.internal.TestInvoker$MethodInvocationAgent.invoke(TestInvoker.java:824)
at org.testng.internal.TestInvoker.invokeTestMethods(TestInvoker.java:146)
at org.testng.internal.TestMethodWorker.invokeTestMethods(TestMethodWorker.java:146)
at org.testng.internal.TestMethodWorker.run(TestMethodWorker.java:128)
at java.base/java.util.concurrent.ThreadPoolExecutor.runWorker(ThreadPoolExecutor.java:1130)
at java.base/java.util.concurrent.ThreadPoolExecutor$Worker.run(ThreadPoolExecutor.java:630)
at java.base/java.lang.Thread.run(Thread.java:831)
]]>
            </full-stacktrace>
          </exception> <!-- org.openqa.selenium.WebDriverException -->
          <reporter-output>
          </reporter-output>
        </test-method> <!-- checkboxValidation -->
        <test-method is-config="true" signature="tearDown()[pri:0, instance:testCases.CheckboxClick@5d7148e2]" started-at="2022-04-23T22:56:25 IST" name="tearDown" finished-at="2022-04-23T22:56:25 IST" duration-ms="1" status="PASS">
          <reporter-output>
          </reporter-output>
        </test-method> <!-- tearDown -->
      </class> <!-- testCases.CheckboxClick -->
      <class name="testCases.JavascriptAlertValidation">
        <test-method is-config="true" signature="setUp(java.lang.String,java.lang.String,java.lang.String)[pri:0, instance:testCases.JavascriptAlertValidation@25fb8912]" started-at="2022-04-23T22:56:12 IST" name="setUp" finished-at="2022-04-23T22:56:41 IST" duration-ms="28769" status="PASS">
          <params>
            <param index="0">
              <value>
                <![CDATA[Chrome]]>
              </value>
            </param>
            <param index="1">
              <value>
                <![CDATA[88.0]]>
              </value>
            </param>
            <param index="2">
              <value>
                <![CDATA[Windows 10]]>
              </value>
            </param>
          </params>
          <reporter-output>
          </reporter-output>
        </test-method> <!-- setUp -->
        <test-method signature="jsAlertValidation(java.lang.String)[pri:0, instance:testCases.JavascriptAlertValidation@25fb8912]" started-at="2022-04-23T22:56:41 IST" name="jsAlertValidation" description="To perform JS Alert validation" finished-at="2022-04-23T22:56:45 IST" duration-ms="4132" status="PASS">
          <params>
            <param index="0">
              <value>
                <![CDATA[https://www.lambdatest.com/selenium-playground/]]>
              </value>
            </param>
          </params>
          <reporter-output>
          </reporter-output>
        </test-method> <!-- jsAlertValidation -->
        <test-method is-config="true" signature="tearDown()[pri:0, instance:testCases.JavascriptAlertValidation@25fb8912]" started-at="2022-04-23T22:56:45 IST" name="tearDown" finished-at="2022-04-23T22:56:45 IST" duration-ms="395" status="PASS">
          <reporter-output>
          </reporter-output>
        </test-method> <!-- tearDown -->
      </class> <!-- testCases.JavascriptAlertValidation -->
    </test> <!-- ChromeTest -->
    <test started-at="2022-04-23T22:56:45 IST" name="MicrosoftEdgeTest" finished-at="2022-04-23T22:57:50 IST" duration-ms="64382">
      <class name="testCases.PageTitleValidation">
        <test-method is-config="true" signature="setUp(java.lang.String,java.lang.String,java.lang.String)[pri:0, instance:testCases.PageTitleValidation@290222c1]" started-at="2022-04-23T22:56:45 IST" name="setUp" finished-at="2022-04-23T22:57:06 IST" duration-ms="20801" status="PASS">
          <params>
            <param index="0">
              <value>
                <![CDATA[MicrosoftEdge]]>
              </value>
            </param>
            <param index="1">
              <value>
                <![CDATA[87.0]]>
              </value>
            </param>
            <param index="2">
              <value>
                <![CDATA[macOS Sierra]]>
              </value>
            </param>
          </params>
          <reporter-output>
          </reporter-output>
        </test-method> <!-- setUp -->
        <test-method signature="pageTitleValidation(java.lang.String)[pri:0, instance:testCases.PageTitleValidation@290222c1]" started-at="2022-04-23T22:57:06 IST" name="pageTitleValidation" description="To perform page title validation" finished-at="2022-04-23T22:57:09 IST" duration-ms="2428" status="PASS">
          <params>
            <param index="0">
              <value>
                <![CDATA[https://www.lambdatest.com/selenium-playground/]]>
              </value>
            </param>
          </params>
          <reporter-output>
          </reporter-output>
        </test-method> <!-- pageTitleValidation -->
        <test-method is-config="true" signature="tearDown()[pri:0, instance:testCases.PageTitleValidation@290222c1]" started-at="2022-04-23T22:57:09 IST" name="tearDown" finished-at="2022-04-23T22:57:09 IST" duration-ms="556" status="PASS">
          <reporter-output>
          </reporter-output>
        </test-method> <!-- tearDown -->
      </class> <!-- testCases.PageTitleValidation -->
      <class name="testCases.CheckboxClick">
        <test-method is-config="true" signature="setUp(java.lang.String,java.lang.String,java.lang.String)[pri:0, instance:testCases.CheckboxClick@67f639d3]" started-at="2022-04-23T22:56:45 IST" name="setUp" finished-at="2022-04-23T22:57:24 IST" duration-ms="39126" status="PASS">
          <params>
            <param index="0">
              <value>
                <![CDATA[MicrosoftEdge]]>
              </value>
            </param>
            <param index="1">
              <value>
                <![CDATA[87.0]]>
              </value>
            </param>
            <param index="2">
              <value>
                <![CDATA[macOS Sierra]]>
              </value>
            </param>
          </params>
          <reporter-output>
          </reporter-output>
        </test-method> <!-- setUp -->
        <test-method signature="checkboxValidation(java.lang.String)[pri:0, instance:testCases.CheckboxClick@67f639d3]" started-at="2022-04-23T22:57:24 IST" name="checkboxValidation" description="To perform checkbox validation" finished-at="2022-04-23T22:57:31 IST" duration-ms="6116" status="PASS">
          <params>
            <param index="0">
              <value>
                <![CDATA[https://www.lambdatest.com/selenium-playground/]]>
              </value>
            </param>
          </params>
          <reporter-output>
          </reporter-output>
        </test-method> <!-- checkboxValidation -->
        <test-method is-config="true" signature="tearDown()[pri:0, instance:testCases.CheckboxClick@67f639d3]" started-at="2022-04-23T22:57:31 IST" name="tearDown" finished-at="2022-04-23T22:57:31 IST" duration-ms="558" status="PASS">
          <reporter-output>
          </reporter-output>
        </test-method> <!-- tearDown -->
      </class> <!-- testCases.CheckboxClick -->
      <class name="testCases.JavascriptAlertValidation">
        <test-method is-config="true" signature="setUp(java.lang.String,java.lang.String,java.lang.String)[pri:0, instance:testCases.JavascriptAlertValidation@6253c26]" started-at="2022-04-23T22:56:45 IST" name="setUp" finished-at="2022-04-23T22:57:43 IST" duration-ms="58107" status="PASS">
          <params>
            <param index="0">
              <value>
                <![CDATA[MicrosoftEdge]]>
              </value>
            </param>
            <param index="1">
              <value>
                <![CDATA[87.0]]>
              </value>
            </param>
            <param index="2">
              <value>
                <![CDATA[macOS Sierra]]>
              </value>
            </param>
          </params>
          <reporter-output>
          </reporter-output>
        </test-method> <!-- setUp -->
        <test-method signature="jsAlertValidation(java.lang.String)[pri:0, instance:testCases.JavascriptAlertValidation@6253c26]" started-at="2022-04-23T22:57:43 IST" name="jsAlertValidation" description="To perform JS Alert validation" finished-at="2022-04-23T22:57:49 IST" duration-ms="5707" status="PASS">
          <params>
            <param index="0">
              <value>
                <![CDATA[https://www.lambdatest.com/selenium-playground/]]>
              </value>
            </param>
          </params>
          <reporter-output>
          </reporter-output>
        </test-method> <!-- jsAlertValidation -->
        <test-method is-config="true" signature="tearDown()[pri:0, instance:testCases.JavascriptAlertValidation@6253c26]" started-at="2022-04-23T22:57:49 IST" name="tearDown" finished-at="2022-04-23T22:57:50 IST" duration-ms="555" status="PASS">
          <reporter-output>
          </reporter-output>
        </test-method> <!-- tearDown -->
      </class> <!-- testCases.JavascriptAlertValidation -->
    </test> <!-- MicrosoftEdgeTest -->
    <test started-at="2022-04-23T22:57:50 IST" name="FirefoxTest" finished-at="2022-04-23T22:58:43 IST" duration-ms="53205">
      <class name="testCases.PageTitleValidation">
        <test-method is-config="true" signature="setUp(java.lang.String,java.lang.String,java.lang.String)[pri:0, instance:testCases.PageTitleValidation@659499f1]" started-at="2022-04-23T22:57:50 IST" name="setUp" finished-at="2022-04-23T22:58:08 IST" duration-ms="18206" status="PASS">
          <params>
            <param index="0">
              <value>
                <![CDATA[Firefox]]>
              </value>
            </param>
            <param index="1">
              <value>
                <![CDATA[82.0]]>
              </value>
            </param>
            <param index="2">
              <value>
                <![CDATA[Windows 7]]>
              </value>
            </param>
          </params>
          <reporter-output>
          </reporter-output>
        </test-method> <!-- setUp -->
        <test-method signature="pageTitleValidation(java.lang.String)[pri:0, instance:testCases.PageTitleValidation@659499f1]" started-at="2022-04-23T22:58:08 IST" name="pageTitleValidation" description="To perform page title validation" finished-at="2022-04-23T22:58:10 IST" duration-ms="1857" status="PASS">
          <params>
            <param index="0">
              <value>
                <![CDATA[https://www.lambdatest.com/selenium-playground/]]>
              </value>
            </param>
          </params>
          <reporter-output>
          </reporter-output>
        </test-method> <!-- pageTitleValidation -->
        <test-method is-config="true" signature="tearDown()[pri:0, instance:testCases.PageTitleValidation@659499f1]" started-at="2022-04-23T22:58:10 IST" name="tearDown" finished-at="2022-04-23T22:58:11 IST" duration-ms="754" status="PASS">
          <reporter-output>
          </reporter-output>
        </test-method> <!-- tearDown -->
      </class> <!-- testCases.PageTitleValidation -->
      <class name="testCases.CheckboxClick">
        <test-method is-config="true" signature="setUp(java.lang.String,java.lang.String,java.lang.String)[pri:0, instance:testCases.CheckboxClick@201a4587]" started-at="2022-04-23T22:57:50 IST" name="setUp" finished-at="2022-04-23T22:58:27 IST" duration-ms="37538" status="PASS">
          <params>
            <param index="0">
              <value>
                <![CDATA[Firefox]]>
              </value>
            </param>
            <param index="1">
              <value>
                <![CDATA[82.0]]>
              </value>
            </param>
            <param index="2">
              <value>
                <![CDATA[Windows 7]]>
              </value>
            </param>
          </params>
          <reporter-output>
          </reporter-output>
        </test-method> <!-- setUp -->
        <test-method signature="checkboxValidation(java.lang.String)[pri:0, instance:testCases.CheckboxClick@201a4587]" started-at="2022-04-23T22:58:27 IST" name="checkboxValidation" description="To perform checkbox validation" finished-at="2022-04-23T22:58:32 IST" duration-ms="4761" status="PASS">
          <params>
            <param index="0">
              <value>
                <![CDATA[https://www.lambdatest.com/selenium-playground/]]>
              </value>
            </param>
          </params>
          <reporter-output>
          </reporter-output>
        </test-method> <!-- checkboxValidation -->
        <test-method is-config="true" signature="tearDown()[pri:0, instance:testCases.CheckboxClick@201a4587]" started-at="2022-04-23T22:58:32 IST" name="tearDown" finished-at="2022-04-23T22:58:33 IST" duration-ms="777" status="PASS">
          <reporter-output>
          </reporter-output>
        </test-method> <!-- tearDown -->
      </class> <!-- testCases.CheckboxClick -->
      <class name="testCases.JavascriptAlertValidation">
        <test-method is-config="true" signature="setUp(java.lang.String,java.lang.String,java.lang.String)[pri:0, instance:testCases.JavascriptAlertValidation@61001b64]" started-at="2022-04-23T22:57:50 IST" name="setUp" finished-at="2022-04-23T22:58:38 IST" duration-ms="48037" status="PASS">
          <params>
            <param index="0">
              <value>
                <![CDATA[Firefox]]>
              </value>
            </param>
            <param index="1">
              <value>
                <![CDATA[82.0]]>
              </value>
            </param>
            <param index="2">
              <value>
                <![CDATA[Windows 7]]>
              </value>
            </param>
          </params>
          <reporter-output>
          </reporter-output>
        </test-method> <!-- setUp -->
        <test-method signature="jsAlertValidation(java.lang.String)[pri:0, instance:testCases.JavascriptAlertValidation@61001b64]" started-at="2022-04-23T22:58:38 IST" name="jsAlertValidation" description="To perform JS Alert validation" finished-at="2022-04-23T22:58:42 IST" duration-ms="4161" status="PASS">
          <params>
            <param index="0">
              <value>
                <![CDATA[https://www.lambdatest.com/selenium-playground/]]>
              </value>
            </param>
          </params>
          <reporter-output>
          </reporter-output>
        </test-method> <!-- jsAlertValidation -->
        <test-method is-config="true" signature="tearDown()[pri:0, instance:testCases.JavascriptAlertValidation@61001b64]" started-at="2022-04-23T22:58:42 IST" name="tearDown" finished-at="2022-04-23T22:58:43 IST" duration-ms="994" status="PASS">
          <reporter-output>
          </reporter-output>
        </test-method> <!-- tearDown -->
      </class> <!-- testCases.JavascriptAlertValidation -->
    </test> <!-- FirefoxTest -->
    <test started-at="2022-04-23T22:58:43 IST" name="InternetExplorerTest" finished-at="2022-04-23T22:59:12 IST" duration-ms="29233">
      <class name="testCases.PageTitleValidation">
        <test-method is-config="true" signature="setUp(java.lang.String,java.lang.String,java.lang.String)[pri:0, instance:testCases.PageTitleValidation@4b8ee4de]" started-at="2022-04-23T22:58:43 IST" name="setUp" finished-at="2022-04-23T22:59:09 IST" duration-ms="26557" status="PASS">
          <params>
            <param index="0">
              <value>
                <![CDATA[Internet Explorer]]>
              </value>
            </param>
            <param index="1">
              <value>
                <![CDATA[11.0]]>
              </value>
            </param>
            <param index="2">
              <value>
                <![CDATA[Windows 10]]>
              </value>
            </param>
          </params>
          <reporter-output>
          </reporter-output>
        </test-method> <!-- setUp -->
        <test-method signature="pageTitleValidation(java.lang.String)[pri:0, instance:testCases.PageTitleValidation@4b8ee4de]" started-at="2022-04-23T22:59:09 IST" name="pageTitleValidation" description="To perform page title validation" finished-at="2022-04-23T22:59:12 IST" duration-ms="2331" status="PASS">
          <params>
            <param index="0">
              <value>
                <![CDATA[https://www.lambdatest.com/selenium-playground/]]>
              </value>
            </param>
          </params>
          <reporter-output>
          </reporter-output>
        </test-method> <!-- pageTitleValidation -->
        <test-method is-config="true" signature="tearDown()[pri:0, instance:testCases.PageTitleValidation@4b8ee4de]" started-at="2022-04-23T22:59:12 IST" name="tearDown" finished-at="2022-04-23T22:59:12 IST" duration-ms="334" status="PASS">
          <reporter-output>
          </reporter-output>
        </test-method> <!-- tearDown -->
      </class> <!-- testCases.PageTitleValidation -->
      <class name="testCases.CheckboxClick">
        <test-method is-config="true" signature="setUp(java.lang.String,java.lang.String,java.lang.String)[pri:0, instance:testCases.CheckboxClick@27f981c6]" started-at="2022-04-23T22:58:43 IST" name="setUp" finished-at="2022-04-23T22:58:50 IST" duration-ms="7555" status="PASS">
          <params>
            <param index="0">
              <value>
                <![CDATA[Internet Explorer]]>
              </value>
            </param>
            <param index="1">
              <value>
                <![CDATA[11.0]]>
              </value>
            </param>
            <param index="2">
              <value>
                <![CDATA[Windows 10]]>
              </value>
            </param>
          </params>
          <reporter-output>
          </reporter-output>
        </test-method> <!-- setUp -->
        <test-method signature="checkboxValidation(java.lang.String)[pri:0, instance:testCases.CheckboxClick@27f981c6]" started-at="2022-04-23T22:58:50 IST" name="checkboxValidation" description="To perform checkbox validation" finished-at="2022-04-23T22:58:55 IST" duration-ms="4132" status="FAIL">
          <params>
            <param index="0">
              <value>
                <![CDATA[https://www.lambdatest.com/selenium-playground/]]>
              </value>
            </param>
          </params>
          <exception class="org.openqa.selenium.WebDriverException">
            <message>
              <![CDATA[java.net.ConnectException: Connection refused: connect
Build info: version: '4.1.3', revision: '7b1ebf28ef'
System info: host: 'DESKTOP-U9KQ8EL', ip: '192.168.0.102', os.name: 'Windows 10', os.arch: 'amd64', os.version: '10.0', java.version: '16.0.2'
Driver info: org.openqa.selenium.remote.RemoteWebDriver
Command: [a6556475-d9de-45e0-8221-ebe15a8928d9, clickElement {id=6f6824f8-38a5-4b7d-863f-0384ce62c840}]
Capabilities {acceptInsecureCerts: false, browserName: internet explorer, browserVersion: 11, javascriptEnabled: true, pageLoadStrategy: normal, platform: WINDOWS, platformName: WINDOWS, proxy: Proxy(), se:ieOptions: {browserAttachTimeout: 0, elementScrollBehavior: 0, enablePersistentHover: true, ie.browserCommandLineSwitches: , ie.ensureCleanSession: false, ie.fileUploadDialogTimeout: 3000, ie.forceCreateProcessApi: false, ignoreProtectedModeSettings: false, ignoreZoomSetting: false, initialBrowserUrl: http://localhost:7603/, nativeEvents: true, requireWindowFocus: false}, setWindowRect: true, timeouts: {implicit: 0, pageLoad: 300000, script: 30000}, webdriver.remote.sessionid: a6556475-d9de-45e0-8221-ebe...}
Element: [[RemoteWebDriver: internet explorer on WINDOWS (a6556475-d9de-45e0-8221-ebe15a8928d9)] -> xpath: //a[text()='Checkbox Demo']]
Session ID: a6556475-d9de-45e0-8221-ebe15a8928d9]]>
            </message>
            <full-stacktrace>
              <![CDATA[org.openqa.selenium.WebDriverException: java.net.ConnectException: Connection refused: connect
Build info: version: '4.1.3', revision: '7b1ebf28ef'
System info: host: 'DESKTOP-U9KQ8EL', ip: '192.168.0.102', os.name: 'Windows 10', os.arch: 'amd64', os.version: '10.0', java.version: '16.0.2'
Driver info: org.openqa.selenium.remote.RemoteWebDriver
Command: [a6556475-d9de-45e0-8221-ebe15a8928d9, clickElement {id=6f6824f8-38a5-4b7d-863f-0384ce62c840}]
Capabilities {acceptInsecureCerts: false, browserName: internet explorer, browserVersion: 11, javascriptEnabled: true, pageLoadStrategy: normal, platform: WINDOWS, platformName: WINDOWS, proxy: Proxy(), se:ieOptions: {browserAttachTimeout: 0, elementScrollBehavior: 0, enablePersistentHover: true, ie.browserCommandLineSwitches: , ie.ensureCleanSession: false, ie.fileUploadDialogTimeout: 3000, ie.forceCreateProcessApi: false, ignoreProtectedModeSettings: false, ignoreZoomSetting: false, initialBrowserUrl: http://localhost:7603/, nativeEvents: true, requireWindowFocus: false}, setWindowRect: true, timeouts: {implicit: 0, pageLoad: 300000, script: 30000}, webdriver.remote.sessionid: a6556475-d9de-45e0-8221-ebe...}
Element: [[RemoteWebDriver: internet explorer on WINDOWS (a6556475-d9de-45e0-8221-ebe15a8928d9)] -> xpath: //a[text()='Checkbox Demo']]
Session ID: a6556475-d9de-45e0-8221-ebe15a8928d9
at java.base/jdk.internal.reflect.NativeConstructorAccessorImpl.newInstance0(Native Method)
at java.base/jdk.internal.reflect.NativeConstructorAccessorImpl.newInstance(NativeConstructorAccessorImpl.java:78)
at java.base/jdk.internal.reflect.DelegatingConstructorAccessorImpl.newInstance(DelegatingConstructorAccessorImpl.java:45)
at java.base/java.lang.reflect.Constructor.newInstanceWithCaller(Constructor.java:499)
at java.base/java.lang.reflect.Constructor.newInstance(Constructor.java:480)
at org.openqa.selenium.remote.codec.w3c.W3CHttpResponseCodec.createException(W3CHttpResponseCodec.java:200)
at org.openqa.selenium.remote.codec.w3c.W3CHttpResponseCodec.decode(W3CHttpResponseCodec.java:133)
at org.openqa.selenium.remote.codec.w3c.W3CHttpResponseCodec.decode(W3CHttpResponseCodec.java:53)
at org.openqa.selenium.remote.HttpCommandExecutor.execute(HttpCommandExecutor.java:184)
at org.openqa.selenium.remote.TracedCommandExecutor.execute(TracedCommandExecutor.java:51)
at org.openqa.selenium.remote.RemoteWebDriver.execute(RemoteWebDriver.java:567)
at org.openqa.selenium.remote.RemoteWebElement.execute(RemoteWebElement.java:251)
at org.openqa.selenium.remote.RemoteWebElement.click(RemoteWebElement.java:77)
at java.base/jdk.internal.reflect.NativeMethodAccessorImpl.invoke0(Native Method)
at java.base/jdk.internal.reflect.NativeMethodAccessorImpl.invoke(NativeMethodAccessorImpl.java:78)
at java.base/jdk.internal.reflect.DelegatingMethodAccessorImpl.invoke(DelegatingMethodAccessorImpl.java:43)
at java.base/java.lang.reflect.Method.invoke(Method.java:567)
at org.openqa.selenium.support.pagefactory.internal.LocatingElementHandler.invoke(LocatingElementHandler.java:52)
at jdk.proxy2/jdk.proxy2.$Proxy18.click(Unknown Source)
at pageObjects.Home_Page.clickCheckboxDemoLink(Home_Page.java:28)
at testCases.CheckboxClick.checkboxValidation(CheckboxClick.java:27)
at java.base/jdk.internal.reflect.NativeMethodAccessorImpl.invoke0(Native Method)
at java.base/jdk.internal.reflect.NativeMethodAccessorImpl.invoke(NativeMethodAccessorImpl.java:78)
at java.base/jdk.internal.reflect.DelegatingMethodAccessorImpl.invoke(DelegatingMethodAccessorImpl.java:43)
at java.base/java.lang.reflect.Method.invoke(Method.java:567)
at org.testng.internal.MethodInvocationHelper.invokeMethod(MethodInvocationHelper.java:133)
at org.testng.internal.TestInvoker.invokeMethod(TestInvoker.java:598)
at org.testng.internal.TestInvoker.invokeTestMethod(TestInvoker.java:173)
at org.testng.internal.MethodRunner.runInSequence(MethodRunner.java:46)
at org.testng.internal.TestInvoker$MethodInvocationAgent.invoke(TestInvoker.java:824)
at org.testng.internal.TestInvoker.invokeTestMethods(TestInvoker.java:146)
at org.testng.internal.TestMethodWorker.invokeTestMethods(TestMethodWorker.java:146)
at org.testng.internal.TestMethodWorker.run(TestMethodWorker.java:128)
at java.base/java.util.concurrent.ThreadPoolExecutor.runWorker(ThreadPoolExecutor.java:1130)
at java.base/java.util.concurrent.ThreadPoolExecutor$Worker.run(ThreadPoolExecutor.java:630)
at java.base/java.lang.Thread.run(Thread.java:831)
]]>
            </full-stacktrace>
          </exception> <!-- org.openqa.selenium.WebDriverException -->
          <reporter-output>
          </reporter-output>
        </test-method> <!-- checkboxValidation -->
        <test-method is-config="true" signature="tearDown()[pri:0, instance:testCases.CheckboxClick@27f981c6]" started-at="2022-04-23T22:58:55 IST" name="tearDown" finished-at="2022-04-23T22:58:56 IST" duration-ms="1312" status="PASS">
          <reporter-output>
          </reporter-output>
        </test-method> <!-- tearDown -->
      </class> <!-- testCases.CheckboxClick -->
      <class name="testCases.JavascriptAlertValidation">
        <test-method is-config="true" signature="setUp(java.lang.String,java.lang.String,java.lang.String)[pri:0, instance:testCases.JavascriptAlertValidation@1b11171f]" started-at="2022-04-23T22:58:43 IST" name="setUp" finished-at="2022-04-23T22:58:50 IST" duration-ms="7360" status="PASS">
          <params>
            <param index="0">
              <value>
                <![CDATA[Internet Explorer]]>
              </value>
            </param>
            <param index="1">
              <value>
                <![CDATA[11.0]]>
              </value>
            </param>
            <param index="2">
              <value>
                <![CDATA[Windows 10]]>
              </value>
            </param>
          </params>
          <reporter-output>
          </reporter-output>
        </test-method> <!-- setUp -->
        <test-method signature="jsAlertValidation(java.lang.String)[pri:0, instance:testCases.JavascriptAlertValidation@1b11171f]" started-at="2022-04-23T22:58:50 IST" name="jsAlertValidation" description="To perform JS Alert validation" finished-at="2022-04-23T22:58:55 IST" duration-ms="4305" status="FAIL">
          <params>
            <param index="0">
              <value>
                <![CDATA[https://www.lambdatest.com/selenium-playground/]]>
              </value>
            </param>
          </params>
          <exception class="org.openqa.selenium.WebDriverException">
            <message>
              <![CDATA[java.net.ConnectException: Connection refused: connect
Build info: version: '4.1.3', revision: '7b1ebf28ef'
System info: host: 'DESKTOP-U9KQ8EL', ip: '192.168.0.102', os.name: 'Windows 10', os.arch: 'amd64', os.version: '10.0', java.version: '16.0.2'
Driver info: org.openqa.selenium.remote.RemoteWebDriver
Command: [a6556475-d9de-45e0-8221-ebe15a8928d9, clickElement {id=e3e2cd14-0f02-4ff6-a3ad-ce05f564f902}]
Capabilities {acceptInsecureCerts: false, browserName: internet explorer, browserVersion: 11, javascriptEnabled: true, pageLoadStrategy: normal, platform: WINDOWS, platformName: WINDOWS, proxy: Proxy(), se:ieOptions: {browserAttachTimeout: 0, elementScrollBehavior: 0, enablePersistentHover: true, ie.browserCommandLineSwitches: , ie.ensureCleanSession: false, ie.fileUploadDialogTimeout: 3000, ie.forceCreateProcessApi: false, ignoreProtectedModeSettings: false, ignoreZoomSetting: false, initialBrowserUrl: http://localhost:7603/, nativeEvents: true, requireWindowFocus: false}, setWindowRect: true, timeouts: {implicit: 0, pageLoad: 300000, script: 30000}, webdriver.remote.sessionid: a6556475-d9de-45e0-8221-ebe...}
Element: [[RemoteWebDriver: internet explorer on WINDOWS (a6556475-d9de-45e0-8221-ebe15a8928d9)] -> link text: Javascript Alerts]
Session ID: a6556475-d9de-45e0-8221-ebe15a8928d9]]>
            </message>
            <full-stacktrace>
              <![CDATA[org.openqa.selenium.WebDriverException: java.net.ConnectException: Connection refused: connect
Build info: version: '4.1.3', revision: '7b1ebf28ef'
System info: host: 'DESKTOP-U9KQ8EL', ip: '192.168.0.102', os.name: 'Windows 10', os.arch: 'amd64', os.version: '10.0', java.version: '16.0.2'
Driver info: org.openqa.selenium.remote.RemoteWebDriver
Command: [a6556475-d9de-45e0-8221-ebe15a8928d9, clickElement {id=e3e2cd14-0f02-4ff6-a3ad-ce05f564f902}]
Capabilities {acceptInsecureCerts: false, browserName: internet explorer, browserVersion: 11, javascriptEnabled: true, pageLoadStrategy: normal, platform: WINDOWS, platformName: WINDOWS, proxy: Proxy(), se:ieOptions: {browserAttachTimeout: 0, elementScrollBehavior: 0, enablePersistentHover: true, ie.browserCommandLineSwitches: , ie.ensureCleanSession: false, ie.fileUploadDialogTimeout: 3000, ie.forceCreateProcessApi: false, ignoreProtectedModeSettings: false, ignoreZoomSetting: false, initialBrowserUrl: http://localhost:7603/, nativeEvents: true, requireWindowFocus: false}, setWindowRect: true, timeouts: {implicit: 0, pageLoad: 300000, script: 30000}, webdriver.remote.sessionid: a6556475-d9de-45e0-8221-ebe...}
Element: [[RemoteWebDriver: internet explorer on WINDOWS (a6556475-d9de-45e0-8221-ebe15a8928d9)] -> link text: Javascript Alerts]
Session ID: a6556475-d9de-45e0-8221-ebe15a8928d9
at java.base/jdk.internal.reflect.NativeConstructorAccessorImpl.newInstance0(Native Method)
at java.base/jdk.internal.reflect.NativeConstructorAccessorImpl.newInstance(NativeConstructorAccessorImpl.java:78)
at java.base/jdk.internal.reflect.DelegatingConstructorAccessorImpl.newInstance(DelegatingConstructorAccessorImpl.java:45)
at java.base/java.lang.reflect.Constructor.newInstanceWithCaller(Constructor.java:499)
at java.base/java.lang.reflect.Constructor.newInstance(Constructor.java:480)
at org.openqa.selenium.remote.codec.w3c.W3CHttpResponseCodec.createException(W3CHttpResponseCodec.java:200)
at org.openqa.selenium.remote.codec.w3c.W3CHttpResponseCodec.decode(W3CHttpResponseCodec.java:133)
at org.openqa.selenium.remote.codec.w3c.W3CHttpResponseCodec.decode(W3CHttpResponseCodec.java:53)
at org.openqa.selenium.remote.HttpCommandExecutor.execute(HttpCommandExecutor.java:184)
at org.openqa.selenium.remote.TracedCommandExecutor.execute(TracedCommandExecutor.java:51)
at org.openqa.selenium.remote.RemoteWebDriver.execute(RemoteWebDriver.java:567)
at org.openqa.selenium.remote.RemoteWebElement.execute(RemoteWebElement.java:251)
at org.openqa.selenium.remote.RemoteWebElement.click(RemoteWebElement.java:77)
at java.base/jdk.internal.reflect.NativeMethodAccessorImpl.invoke0(Native Method)
at java.base/jdk.internal.reflect.NativeMethodAccessorImpl.invoke(NativeMethodAccessorImpl.java:78)
at java.base/jdk.internal.reflect.DelegatingMethodAccessorImpl.invoke(DelegatingMethodAccessorImpl.java:43)
at java.base/java.lang.reflect.Method.invoke(Method.java:567)
at org.openqa.selenium.support.pagefactory.internal.LocatingElementHandler.invoke(LocatingElementHandler.java:52)
at jdk.proxy2/jdk.proxy2.$Proxy18.click(Unknown Source)
at pageObjects.Home_Page.clickJavascriptAlertsLink(Home_Page.java:33)
at testCases.JavascriptAlertValidation.jsAlertValidation(JavascriptAlertValidation.java:22)
at java.base/jdk.internal.reflect.NativeMethodAccessorImpl.invoke0(Native Method)
at java.base/jdk.internal.reflect.NativeMethodAccessorImpl.invoke(NativeMethodAccessorImpl.java:78)
at java.base/jdk.internal.reflect.DelegatingMethodAccessorImpl.invoke(DelegatingMethodAccessorImpl.java:43)
at java.base/java.lang.reflect.Method.invoke(Method.java:567)
at org.testng.internal.MethodInvocationHelper.invokeMethod(MethodInvocationHelper.java:133)
at org.testng.internal.TestInvoker.invokeMethod(TestInvoker.java:598)
at org.testng.internal.TestInvoker.invokeTestMethod(TestInvoker.java:173)
at org.testng.internal.MethodRunner.runInSequence(MethodRunner.java:46)
at org.testng.internal.TestInvoker$MethodInvocationAgent.invoke(TestInvoker.java:824)
at org.testng.internal.TestInvoker.invokeTestMethods(TestInvoker.java:146)
at org.testng.internal.TestMethodWorker.invokeTestMethods(TestMethodWorker.java:146)
at org.testng.internal.TestMethodWorker.run(TestMethodWorker.java:128)
at java.base/java.util.concurrent.ThreadPoolExecutor.runWorker(ThreadPoolExecutor.java:1130)
at java.base/java.util.concurrent.ThreadPoolExecutor$Worker.run(ThreadPoolExecutor.java:630)
at java.base/java.lang.Thread.run(Thread.java:831)
]]>
            </full-stacktrace>
          </exception> <!-- org.openqa.selenium.WebDriverException -->
          <reporter-output>
          </reporter-output>
        </test-method> <!-- jsAlertValidation -->
        <test-method is-config="true" signature="tearDown()[pri:0, instance:testCases.JavascriptAlertValidation@1b11171f]" started-at="2022-04-23T22:58:55 IST" name="tearDown" finished-at="2022-04-23T22:58:56 IST" duration-ms="1327" status="PASS">
          <reporter-output>
          </reporter-output>
        </test-method> <!-- tearDown -->
      </class> <!-- testCases.JavascriptAlertValidation -->
    </test> <!-- InternetExplorerTest -->
  </suite> <!-- LambaTestNGTestSuite -->
</testng-results>
